   0  $accept : %entry% $end

   1  program : stmts EOF

   2  stmts :
   3        | stmts stmt

   4  stmt : expr SEMI
   5       | RETURN SEMI
   6       | RETURN expr SEMI
   7       | LBRACE stmts RBRACE
   8       | IF LPAREN expr RPAREN stmt
   9       | IF LPAREN expr RPAREN stmt ELSE stmt
  10       | FOR LPAREN expr_opt SEMI expr SEMI expr_opt RPAREN stmt
  11       | WHILE LPAREN expr RPAREN stmt
  12       | DEF func
  13       | STRUCT struct_dec

  14  expr_opt :
  15           | expr

  16  struct_dec : ID LBRACE expr_list RBRACE SEMI

  17  func : typ ID LPAREN formals_opt RPAREN LBRACE stmts RBRACE

  18  typ : INT
  19      | BOOL
  20      | FLOAT
  21      | STRING
  22      | VOID

  23  formals_opt :
  24              | formal_list

  25  formal_list : typ ID
  26              | formal_list COMMA typ ID

  27  expr_list :
  28            | expr_list proper_expr

  29  proper_expr : expr SEMI

  30  expr : INTLIT
  31       | FLOATLIT
  32       | STRINGLIT
  33       | TRUE
  34       | FALSE
  35       | ID
  36       | expr PLUS expr
  37       | expr MINUS expr
  38       | expr TIMES expr
  39       | expr DIVIDE expr
  40       | expr EQ expr
  41       | expr NEQ expr
  42       | expr LT expr
  43       | expr LEQ expr
  44       | expr GT expr
  45       | expr GEQ expr
  46       | expr AND expr
  47       | expr OR expr
  48       | expr DOT expr
  49       | MINUS expr
  50       | NOT expr
  51       | ID ASSIGN expr
  52       | ID LPAREN actuals_opt RPAREN
  53       | LPAREN expr RPAREN
  54       | GLOBAL ID ASSIGN expr

  55  actuals_opt :
  56              | actuals_list

  57  actuals_list : expr
  58               | actuals_list COMMA expr

  59  %entry% : '\001' program

state 0
	$accept : . %entry% $end  (0)

	'\001'  shift 1
	.  error

	%entry%  goto 2


state 1
	%entry% : '\001' . program  (59)
	stmts : .  (2)

	.  reduce 2

	program  goto 3
	stmts  goto 4


state 2
	$accept : %entry% . $end  (0)

	$end  accept


state 3
	%entry% : '\001' program .  (59)

	.  reduce 59


state 4
	program : stmts . EOF  (1)
	stmts : stmts . stmt  (3)

	LPAREN  shift 5
	LBRACE  shift 6
	MINUS  shift 7
	NOT  shift 8
	TRUE  shift 9
	FALSE  shift 10
	RETURN  shift 11
	IF  shift 12
	FOR  shift 13
	WHILE  shift 14
	DEF  shift 15
	GLOBAL  shift 16
	STRUCT  shift 17
	INTLIT  shift 18
	FLOATLIT  shift 19
	STRINGLIT  shift 20
	ID  shift 21
	EOF  shift 22
	.  error

	stmt  goto 23
	expr  goto 24


state 5
	expr : LPAREN . expr RPAREN  (53)

	LPAREN  shift 5
	MINUS  shift 7
	NOT  shift 8
	TRUE  shift 9
	FALSE  shift 10
	GLOBAL  shift 16
	INTLIT  shift 18
	FLOATLIT  shift 19
	STRINGLIT  shift 20
	ID  shift 21
	.  error

	expr  goto 25


state 6
	stmt : LBRACE . stmts RBRACE  (7)
	stmts : .  (2)

	.  reduce 2

	stmts  goto 26


state 7
	expr : MINUS . expr  (49)

	LPAREN  shift 5
	MINUS  shift 7
	NOT  shift 8
	TRUE  shift 9
	FALSE  shift 10
	GLOBAL  shift 16
	INTLIT  shift 18
	FLOATLIT  shift 19
	STRINGLIT  shift 20
	ID  shift 21
	.  error

	expr  goto 27


state 8
	expr : NOT . expr  (50)

	LPAREN  shift 5
	MINUS  shift 7
	NOT  shift 8
	TRUE  shift 9
	FALSE  shift 10
	GLOBAL  shift 16
	INTLIT  shift 18
	FLOATLIT  shift 19
	STRINGLIT  shift 20
	ID  shift 21
	.  error

	expr  goto 28


state 9
	expr : TRUE .  (33)

	.  reduce 33


state 10
	expr : FALSE .  (34)

	.  reduce 34


state 11
	stmt : RETURN . SEMI  (5)
	stmt : RETURN . expr SEMI  (6)

	SEMI  shift 29
	LPAREN  shift 5
	MINUS  shift 7
	NOT  shift 8
	TRUE  shift 9
	FALSE  shift 10
	GLOBAL  shift 16
	INTLIT  shift 18
	FLOATLIT  shift 19
	STRINGLIT  shift 20
	ID  shift 21
	.  error

	expr  goto 30


state 12
	stmt : IF . LPAREN expr RPAREN stmt  (8)
	stmt : IF . LPAREN expr RPAREN stmt ELSE stmt  (9)

	LPAREN  shift 31
	.  error


state 13
	stmt : FOR . LPAREN expr_opt SEMI expr SEMI expr_opt RPAREN stmt  (10)

	LPAREN  shift 32
	.  error


state 14
	stmt : WHILE . LPAREN expr RPAREN stmt  (11)

	LPAREN  shift 33
	.  error


state 15
	stmt : DEF . func  (12)

	INT  shift 34
	FLOAT  shift 35
	BOOL  shift 36
	STRING  shift 37
	VOID  shift 38
	.  error

	func  goto 39
	typ  goto 40


state 16
	expr : GLOBAL . ID ASSIGN expr  (54)

	ID  shift 41
	.  error


state 17
	stmt : STRUCT . struct_dec  (13)

	ID  shift 42
	.  error

	struct_dec  goto 43


state 18
	expr : INTLIT .  (30)

	.  reduce 30


state 19
	expr : FLOATLIT .  (31)

	.  reduce 31


state 20
	expr : STRINGLIT .  (32)

	.  reduce 32


state 21
	expr : ID .  (35)
	expr : ID . ASSIGN expr  (51)
	expr : ID . LPAREN actuals_opt RPAREN  (52)

	LPAREN  shift 44
	ASSIGN  shift 45
	SEMI  reduce 35
	RPAREN  reduce 35
	COMMA  reduce 35
	PLUS  reduce 35
	MINUS  reduce 35
	TIMES  reduce 35
	DIVIDE  reduce 35
	EQ  reduce 35
	NEQ  reduce 35
	LT  reduce 35
	LEQ  reduce 35
	GT  reduce 35
	GEQ  reduce 35
	AND  reduce 35
	OR  reduce 35
	DOT  reduce 35


state 22
	program : stmts EOF .  (1)

	.  reduce 1


state 23
	stmts : stmts stmt .  (3)

	.  reduce 3


state 24
	stmt : expr . SEMI  (4)
	expr : expr . PLUS expr  (36)
	expr : expr . MINUS expr  (37)
	expr : expr . TIMES expr  (38)
	expr : expr . DIVIDE expr  (39)
	expr : expr . EQ expr  (40)
	expr : expr . NEQ expr  (41)
	expr : expr . LT expr  (42)
	expr : expr . LEQ expr  (43)
	expr : expr . GT expr  (44)
	expr : expr . GEQ expr  (45)
	expr : expr . AND expr  (46)
	expr : expr . OR expr  (47)
	expr : expr . DOT expr  (48)

	SEMI  shift 46
	PLUS  shift 47
	MINUS  shift 48
	TIMES  shift 49
	DIVIDE  shift 50
	EQ  shift 51
	NEQ  shift 52
	LT  shift 53
	LEQ  shift 54
	GT  shift 55
	GEQ  shift 56
	AND  shift 57
	OR  shift 58
	DOT  shift 59
	.  error


state 25
	expr : expr . PLUS expr  (36)
	expr : expr . MINUS expr  (37)
	expr : expr . TIMES expr  (38)
	expr : expr . DIVIDE expr  (39)
	expr : expr . EQ expr  (40)
	expr : expr . NEQ expr  (41)
	expr : expr . LT expr  (42)
	expr : expr . LEQ expr  (43)
	expr : expr . GT expr  (44)
	expr : expr . GEQ expr  (45)
	expr : expr . AND expr  (46)
	expr : expr . OR expr  (47)
	expr : expr . DOT expr  (48)
	expr : LPAREN expr . RPAREN  (53)

	RPAREN  shift 60
	PLUS  shift 47
	MINUS  shift 48
	TIMES  shift 49
	DIVIDE  shift 50
	EQ  shift 51
	NEQ  shift 52
	LT  shift 53
	LEQ  shift 54
	GT  shift 55
	GEQ  shift 56
	AND  shift 57
	OR  shift 58
	DOT  shift 59
	.  error


state 26
	stmts : stmts . stmt  (3)
	stmt : LBRACE stmts . RBRACE  (7)

	LPAREN  shift 5
	LBRACE  shift 6
	RBRACE  shift 61
	MINUS  shift 7
	NOT  shift 8
	TRUE  shift 9
	FALSE  shift 10
	RETURN  shift 11
	IF  shift 12
	FOR  shift 13
	WHILE  shift 14
	DEF  shift 15
	GLOBAL  shift 16
	STRUCT  shift 17
	INTLIT  shift 18
	FLOATLIT  shift 19
	STRINGLIT  shift 20
	ID  shift 21
	.  error

	stmt  goto 23
	expr  goto 24


state 27
	expr : expr . PLUS expr  (36)
	expr : expr . MINUS expr  (37)
	expr : expr . TIMES expr  (38)
	expr : expr . DIVIDE expr  (39)
	expr : expr . EQ expr  (40)
	expr : expr . NEQ expr  (41)
	expr : expr . LT expr  (42)
	expr : expr . LEQ expr  (43)
	expr : expr . GT expr  (44)
	expr : expr . GEQ expr  (45)
	expr : expr . AND expr  (46)
	expr : expr . OR expr  (47)
	expr : expr . DOT expr  (48)
	expr : MINUS expr .  (49)

	DOT  shift 59
	SEMI  reduce 49
	RPAREN  reduce 49
	COMMA  reduce 49
	PLUS  reduce 49
	MINUS  reduce 49
	TIMES  reduce 49
	DIVIDE  reduce 49
	EQ  reduce 49
	NEQ  reduce 49
	LT  reduce 49
	LEQ  reduce 49
	GT  reduce 49
	GEQ  reduce 49
	AND  reduce 49
	OR  reduce 49


state 28
	expr : expr . PLUS expr  (36)
	expr : expr . MINUS expr  (37)
	expr : expr . TIMES expr  (38)
	expr : expr . DIVIDE expr  (39)
	expr : expr . EQ expr  (40)
	expr : expr . NEQ expr  (41)
	expr : expr . LT expr  (42)
	expr : expr . LEQ expr  (43)
	expr : expr . GT expr  (44)
	expr : expr . GEQ expr  (45)
	expr : expr . AND expr  (46)
	expr : expr . OR expr  (47)
	expr : expr . DOT expr  (48)
	expr : NOT expr .  (50)

	DOT  shift 59
	SEMI  reduce 50
	RPAREN  reduce 50
	COMMA  reduce 50
	PLUS  reduce 50
	MINUS  reduce 50
	TIMES  reduce 50
	DIVIDE  reduce 50
	EQ  reduce 50
	NEQ  reduce 50
	LT  reduce 50
	LEQ  reduce 50
	GT  reduce 50
	GEQ  reduce 50
	AND  reduce 50
	OR  reduce 50


state 29
	stmt : RETURN SEMI .  (5)

	.  reduce 5


state 30
	stmt : RETURN expr . SEMI  (6)
	expr : expr . PLUS expr  (36)
	expr : expr . MINUS expr  (37)
	expr : expr . TIMES expr  (38)
	expr : expr . DIVIDE expr  (39)
	expr : expr . EQ expr  (40)
	expr : expr . NEQ expr  (41)
	expr : expr . LT expr  (42)
	expr : expr . LEQ expr  (43)
	expr : expr . GT expr  (44)
	expr : expr . GEQ expr  (45)
	expr : expr . AND expr  (46)
	expr : expr . OR expr  (47)
	expr : expr . DOT expr  (48)

	SEMI  shift 62
	PLUS  shift 47
	MINUS  shift 48
	TIMES  shift 49
	DIVIDE  shift 50
	EQ  shift 51
	NEQ  shift 52
	LT  shift 53
	LEQ  shift 54
	GT  shift 55
	GEQ  shift 56
	AND  shift 57
	OR  shift 58
	DOT  shift 59
	.  error


state 31
	stmt : IF LPAREN . expr RPAREN stmt  (8)
	stmt : IF LPAREN . expr RPAREN stmt ELSE stmt  (9)

	LPAREN  shift 5
	MINUS  shift 7
	NOT  shift 8
	TRUE  shift 9
	FALSE  shift 10
	GLOBAL  shift 16
	INTLIT  shift 18
	FLOATLIT  shift 19
	STRINGLIT  shift 20
	ID  shift 21
	.  error

	expr  goto 63


state 32
	stmt : FOR LPAREN . expr_opt SEMI expr SEMI expr_opt RPAREN stmt  (10)
	expr_opt : .  (14)

	LPAREN  shift 5
	MINUS  shift 7
	NOT  shift 8
	TRUE  shift 9
	FALSE  shift 10
	GLOBAL  shift 16
	INTLIT  shift 18
	FLOATLIT  shift 19
	STRINGLIT  shift 20
	ID  shift 21
	SEMI  reduce 14

	expr  goto 64
	expr_opt  goto 65


state 33
	stmt : WHILE LPAREN . expr RPAREN stmt  (11)

	LPAREN  shift 5
	MINUS  shift 7
	NOT  shift 8
	TRUE  shift 9
	FALSE  shift 10
	GLOBAL  shift 16
	INTLIT  shift 18
	FLOATLIT  shift 19
	STRINGLIT  shift 20
	ID  shift 21
	.  error

	expr  goto 66


state 34
	typ : INT .  (18)

	.  reduce 18


state 35
	typ : FLOAT .  (20)

	.  reduce 20


state 36
	typ : BOOL .  (19)

	.  reduce 19


state 37
	typ : STRING .  (21)

	.  reduce 21


state 38
	typ : VOID .  (22)

	.  reduce 22


state 39
	stmt : DEF func .  (12)

	.  reduce 12


state 40
	func : typ . ID LPAREN formals_opt RPAREN LBRACE stmts RBRACE  (17)

	ID  shift 67
	.  error


state 41
	expr : GLOBAL ID . ASSIGN expr  (54)

	ASSIGN  shift 68
	.  error


state 42
	struct_dec : ID . LBRACE expr_list RBRACE SEMI  (16)

	LBRACE  shift 69
	.  error


state 43
	stmt : STRUCT struct_dec .  (13)

	.  reduce 13


state 44
	expr : ID LPAREN . actuals_opt RPAREN  (52)
	actuals_opt : .  (55)

	LPAREN  shift 5
	MINUS  shift 7
	NOT  shift 8
	TRUE  shift 9
	FALSE  shift 10
	GLOBAL  shift 16
	INTLIT  shift 18
	FLOATLIT  shift 19
	STRINGLIT  shift 20
	ID  shift 21
	RPAREN  reduce 55

	expr  goto 70
	actuals_opt  goto 71
	actuals_list  goto 72


state 45
	expr : ID ASSIGN . expr  (51)

	LPAREN  shift 5
	MINUS  shift 7
	NOT  shift 8
	TRUE  shift 9
	FALSE  shift 10
	GLOBAL  shift 16
	INTLIT  shift 18
	FLOATLIT  shift 19
	STRINGLIT  shift 20
	ID  shift 21
	.  error

	expr  goto 73


state 46
	stmt : expr SEMI .  (4)

	.  reduce 4


state 47
	expr : expr PLUS . expr  (36)

	LPAREN  shift 5
	MINUS  shift 7
	NOT  shift 8
	TRUE  shift 9
	FALSE  shift 10
	GLOBAL  shift 16
	INTLIT  shift 18
	FLOATLIT  shift 19
	STRINGLIT  shift 20
	ID  shift 21
	.  error

	expr  goto 74


state 48
	expr : expr MINUS . expr  (37)

	LPAREN  shift 5
	MINUS  shift 7
	NOT  shift 8
	TRUE  shift 9
	FALSE  shift 10
	GLOBAL  shift 16
	INTLIT  shift 18
	FLOATLIT  shift 19
	STRINGLIT  shift 20
	ID  shift 21
	.  error

	expr  goto 75


state 49
	expr : expr TIMES . expr  (38)

	LPAREN  shift 5
	MINUS  shift 7
	NOT  shift 8
	TRUE  shift 9
	FALSE  shift 10
	GLOBAL  shift 16
	INTLIT  shift 18
	FLOATLIT  shift 19
	STRINGLIT  shift 20
	ID  shift 21
	.  error

	expr  goto 76


state 50
	expr : expr DIVIDE . expr  (39)

	LPAREN  shift 5
	MINUS  shift 7
	NOT  shift 8
	TRUE  shift 9
	FALSE  shift 10
	GLOBAL  shift 16
	INTLIT  shift 18
	FLOATLIT  shift 19
	STRINGLIT  shift 20
	ID  shift 21
	.  error

	expr  goto 77


state 51
	expr : expr EQ . expr  (40)

	LPAREN  shift 5
	MINUS  shift 7
	NOT  shift 8
	TRUE  shift 9
	FALSE  shift 10
	GLOBAL  shift 16
	INTLIT  shift 18
	FLOATLIT  shift 19
	STRINGLIT  shift 20
	ID  shift 21
	.  error

	expr  goto 78


state 52
	expr : expr NEQ . expr  (41)

	LPAREN  shift 5
	MINUS  shift 7
	NOT  shift 8
	TRUE  shift 9
	FALSE  shift 10
	GLOBAL  shift 16
	INTLIT  shift 18
	FLOATLIT  shift 19
	STRINGLIT  shift 20
	ID  shift 21
	.  error

	expr  goto 79


state 53
	expr : expr LT . expr  (42)

	LPAREN  shift 5
	MINUS  shift 7
	NOT  shift 8
	TRUE  shift 9
	FALSE  shift 10
	GLOBAL  shift 16
	INTLIT  shift 18
	FLOATLIT  shift 19
	STRINGLIT  shift 20
	ID  shift 21
	.  error

	expr  goto 80


state 54
	expr : expr LEQ . expr  (43)

	LPAREN  shift 5
	MINUS  shift 7
	NOT  shift 8
	TRUE  shift 9
	FALSE  shift 10
	GLOBAL  shift 16
	INTLIT  shift 18
	FLOATLIT  shift 19
	STRINGLIT  shift 20
	ID  shift 21
	.  error

	expr  goto 81


state 55
	expr : expr GT . expr  (44)

	LPAREN  shift 5
	MINUS  shift 7
	NOT  shift 8
	TRUE  shift 9
	FALSE  shift 10
	GLOBAL  shift 16
	INTLIT  shift 18
	FLOATLIT  shift 19
	STRINGLIT  shift 20
	ID  shift 21
	.  error

	expr  goto 82


state 56
	expr : expr GEQ . expr  (45)

	LPAREN  shift 5
	MINUS  shift 7
	NOT  shift 8
	TRUE  shift 9
	FALSE  shift 10
	GLOBAL  shift 16
	INTLIT  shift 18
	FLOATLIT  shift 19
	STRINGLIT  shift 20
	ID  shift 21
	.  error

	expr  goto 83


state 57
	expr : expr AND . expr  (46)

	LPAREN  shift 5
	MINUS  shift 7
	NOT  shift 8
	TRUE  shift 9
	FALSE  shift 10
	GLOBAL  shift 16
	INTLIT  shift 18
	FLOATLIT  shift 19
	STRINGLIT  shift 20
	ID  shift 21
	.  error

	expr  goto 84


state 58
	expr : expr OR . expr  (47)

	LPAREN  shift 5
	MINUS  shift 7
	NOT  shift 8
	TRUE  shift 9
	FALSE  shift 10
	GLOBAL  shift 16
	INTLIT  shift 18
	FLOATLIT  shift 19
	STRINGLIT  shift 20
	ID  shift 21
	.  error

	expr  goto 85


state 59
	expr : expr DOT . expr  (48)

	LPAREN  shift 5
	MINUS  shift 7
	NOT  shift 8
	TRUE  shift 9
	FALSE  shift 10
	GLOBAL  shift 16
	INTLIT  shift 18
	FLOATLIT  shift 19
	STRINGLIT  shift 20
	ID  shift 21
	.  error

	expr  goto 86


state 60
	expr : LPAREN expr RPAREN .  (53)

	.  reduce 53


state 61
	stmt : LBRACE stmts RBRACE .  (7)

	.  reduce 7


state 62
	stmt : RETURN expr SEMI .  (6)

	.  reduce 6


state 63
	stmt : IF LPAREN expr . RPAREN stmt  (8)
	stmt : IF LPAREN expr . RPAREN stmt ELSE stmt  (9)
	expr : expr . PLUS expr  (36)
	expr : expr . MINUS expr  (37)
	expr : expr . TIMES expr  (38)
	expr : expr . DIVIDE expr  (39)
	expr : expr . EQ expr  (40)
	expr : expr . NEQ expr  (41)
	expr : expr . LT expr  (42)
	expr : expr . LEQ expr  (43)
	expr : expr . GT expr  (44)
	expr : expr . GEQ expr  (45)
	expr : expr . AND expr  (46)
	expr : expr . OR expr  (47)
	expr : expr . DOT expr  (48)

	RPAREN  shift 87
	PLUS  shift 47
	MINUS  shift 48
	TIMES  shift 49
	DIVIDE  shift 50
	EQ  shift 51
	NEQ  shift 52
	LT  shift 53
	LEQ  shift 54
	GT  shift 55
	GEQ  shift 56
	AND  shift 57
	OR  shift 58
	DOT  shift 59
	.  error


state 64
	expr_opt : expr .  (15)
	expr : expr . PLUS expr  (36)
	expr : expr . MINUS expr  (37)
	expr : expr . TIMES expr  (38)
	expr : expr . DIVIDE expr  (39)
	expr : expr . EQ expr  (40)
	expr : expr . NEQ expr  (41)
	expr : expr . LT expr  (42)
	expr : expr . LEQ expr  (43)
	expr : expr . GT expr  (44)
	expr : expr . GEQ expr  (45)
	expr : expr . AND expr  (46)
	expr : expr . OR expr  (47)
	expr : expr . DOT expr  (48)

	PLUS  shift 47
	MINUS  shift 48
	TIMES  shift 49
	DIVIDE  shift 50
	EQ  shift 51
	NEQ  shift 52
	LT  shift 53
	LEQ  shift 54
	GT  shift 55
	GEQ  shift 56
	AND  shift 57
	OR  shift 58
	DOT  shift 59
	SEMI  reduce 15
	RPAREN  reduce 15


state 65
	stmt : FOR LPAREN expr_opt . SEMI expr SEMI expr_opt RPAREN stmt  (10)

	SEMI  shift 88
	.  error


state 66
	stmt : WHILE LPAREN expr . RPAREN stmt  (11)
	expr : expr . PLUS expr  (36)
	expr : expr . MINUS expr  (37)
	expr : expr . TIMES expr  (38)
	expr : expr . DIVIDE expr  (39)
	expr : expr . EQ expr  (40)
	expr : expr . NEQ expr  (41)
	expr : expr . LT expr  (42)
	expr : expr . LEQ expr  (43)
	expr : expr . GT expr  (44)
	expr : expr . GEQ expr  (45)
	expr : expr . AND expr  (46)
	expr : expr . OR expr  (47)
	expr : expr . DOT expr  (48)

	RPAREN  shift 89
	PLUS  shift 47
	MINUS  shift 48
	TIMES  shift 49
	DIVIDE  shift 50
	EQ  shift 51
	NEQ  shift 52
	LT  shift 53
	LEQ  shift 54
	GT  shift 55
	GEQ  shift 56
	AND  shift 57
	OR  shift 58
	DOT  shift 59
	.  error


state 67
	func : typ ID . LPAREN formals_opt RPAREN LBRACE stmts RBRACE  (17)

	LPAREN  shift 90
	.  error


state 68
	expr : GLOBAL ID ASSIGN . expr  (54)

	LPAREN  shift 5
	MINUS  shift 7
	NOT  shift 8
	TRUE  shift 9
	FALSE  shift 10
	GLOBAL  shift 16
	INTLIT  shift 18
	FLOATLIT  shift 19
	STRINGLIT  shift 20
	ID  shift 21
	.  error

	expr  goto 91


state 69
	struct_dec : ID LBRACE . expr_list RBRACE SEMI  (16)
	expr_list : .  (27)

	.  reduce 27

	expr_list  goto 92


state 70
	expr : expr . PLUS expr  (36)
	expr : expr . MINUS expr  (37)
	expr : expr . TIMES expr  (38)
	expr : expr . DIVIDE expr  (39)
	expr : expr . EQ expr  (40)
	expr : expr . NEQ expr  (41)
	expr : expr . LT expr  (42)
	expr : expr . LEQ expr  (43)
	expr : expr . GT expr  (44)
	expr : expr . GEQ expr  (45)
	expr : expr . AND expr  (46)
	expr : expr . OR expr  (47)
	expr : expr . DOT expr  (48)
	actuals_list : expr .  (57)

	PLUS  shift 47
	MINUS  shift 48
	TIMES  shift 49
	DIVIDE  shift 50
	EQ  shift 51
	NEQ  shift 52
	LT  shift 53
	LEQ  shift 54
	GT  shift 55
	GEQ  shift 56
	AND  shift 57
	OR  shift 58
	DOT  shift 59
	RPAREN  reduce 57
	COMMA  reduce 57


state 71
	expr : ID LPAREN actuals_opt . RPAREN  (52)

	RPAREN  shift 93
	.  error


state 72
	actuals_opt : actuals_list .  (56)
	actuals_list : actuals_list . COMMA expr  (58)

	COMMA  shift 94
	RPAREN  reduce 56


state 73
	expr : expr . PLUS expr  (36)
	expr : expr . MINUS expr  (37)
	expr : expr . TIMES expr  (38)
	expr : expr . DIVIDE expr  (39)
	expr : expr . EQ expr  (40)
	expr : expr . NEQ expr  (41)
	expr : expr . LT expr  (42)
	expr : expr . LEQ expr  (43)
	expr : expr . GT expr  (44)
	expr : expr . GEQ expr  (45)
	expr : expr . AND expr  (46)
	expr : expr . OR expr  (47)
	expr : expr . DOT expr  (48)
	expr : ID ASSIGN expr .  (51)

	PLUS  shift 47
	MINUS  shift 48
	TIMES  shift 49
	DIVIDE  shift 50
	EQ  shift 51
	NEQ  shift 52
	LT  shift 53
	LEQ  shift 54
	GT  shift 55
	GEQ  shift 56
	AND  shift 57
	OR  shift 58
	DOT  shift 59
	SEMI  reduce 51
	RPAREN  reduce 51
	COMMA  reduce 51


state 74
	expr : expr . PLUS expr  (36)
	expr : expr PLUS expr .  (36)
	expr : expr . MINUS expr  (37)
	expr : expr . TIMES expr  (38)
	expr : expr . DIVIDE expr  (39)
	expr : expr . EQ expr  (40)
	expr : expr . NEQ expr  (41)
	expr : expr . LT expr  (42)
	expr : expr . LEQ expr  (43)
	expr : expr . GT expr  (44)
	expr : expr . GEQ expr  (45)
	expr : expr . AND expr  (46)
	expr : expr . OR expr  (47)
	expr : expr . DOT expr  (48)

	TIMES  shift 49
	DIVIDE  shift 50
	DOT  shift 59
	SEMI  reduce 36
	RPAREN  reduce 36
	COMMA  reduce 36
	PLUS  reduce 36
	MINUS  reduce 36
	EQ  reduce 36
	NEQ  reduce 36
	LT  reduce 36
	LEQ  reduce 36
	GT  reduce 36
	GEQ  reduce 36
	AND  reduce 36
	OR  reduce 36


state 75
	expr : expr . PLUS expr  (36)
	expr : expr . MINUS expr  (37)
	expr : expr MINUS expr .  (37)
	expr : expr . TIMES expr  (38)
	expr : expr . DIVIDE expr  (39)
	expr : expr . EQ expr  (40)
	expr : expr . NEQ expr  (41)
	expr : expr . LT expr  (42)
	expr : expr . LEQ expr  (43)
	expr : expr . GT expr  (44)
	expr : expr . GEQ expr  (45)
	expr : expr . AND expr  (46)
	expr : expr . OR expr  (47)
	expr : expr . DOT expr  (48)

	TIMES  shift 49
	DIVIDE  shift 50
	DOT  shift 59
	SEMI  reduce 37
	RPAREN  reduce 37
	COMMA  reduce 37
	PLUS  reduce 37
	MINUS  reduce 37
	EQ  reduce 37
	NEQ  reduce 37
	LT  reduce 37
	LEQ  reduce 37
	GT  reduce 37
	GEQ  reduce 37
	AND  reduce 37
	OR  reduce 37


state 76
	expr : expr . PLUS expr  (36)
	expr : expr . MINUS expr  (37)
	expr : expr . TIMES expr  (38)
	expr : expr TIMES expr .  (38)
	expr : expr . DIVIDE expr  (39)
	expr : expr . EQ expr  (40)
	expr : expr . NEQ expr  (41)
	expr : expr . LT expr  (42)
	expr : expr . LEQ expr  (43)
	expr : expr . GT expr  (44)
	expr : expr . GEQ expr  (45)
	expr : expr . AND expr  (46)
	expr : expr . OR expr  (47)
	expr : expr . DOT expr  (48)

	DOT  shift 59
	SEMI  reduce 38
	RPAREN  reduce 38
	COMMA  reduce 38
	PLUS  reduce 38
	MINUS  reduce 38
	TIMES  reduce 38
	DIVIDE  reduce 38
	EQ  reduce 38
	NEQ  reduce 38
	LT  reduce 38
	LEQ  reduce 38
	GT  reduce 38
	GEQ  reduce 38
	AND  reduce 38
	OR  reduce 38


state 77
	expr : expr . PLUS expr  (36)
	expr : expr . MINUS expr  (37)
	expr : expr . TIMES expr  (38)
	expr : expr . DIVIDE expr  (39)
	expr : expr DIVIDE expr .  (39)
	expr : expr . EQ expr  (40)
	expr : expr . NEQ expr  (41)
	expr : expr . LT expr  (42)
	expr : expr . LEQ expr  (43)
	expr : expr . GT expr  (44)
	expr : expr . GEQ expr  (45)
	expr : expr . AND expr  (46)
	expr : expr . OR expr  (47)
	expr : expr . DOT expr  (48)

	DOT  shift 59
	SEMI  reduce 39
	RPAREN  reduce 39
	COMMA  reduce 39
	PLUS  reduce 39
	MINUS  reduce 39
	TIMES  reduce 39
	DIVIDE  reduce 39
	EQ  reduce 39
	NEQ  reduce 39
	LT  reduce 39
	LEQ  reduce 39
	GT  reduce 39
	GEQ  reduce 39
	AND  reduce 39
	OR  reduce 39


state 78
	expr : expr . PLUS expr  (36)
	expr : expr . MINUS expr  (37)
	expr : expr . TIMES expr  (38)
	expr : expr . DIVIDE expr  (39)
	expr : expr . EQ expr  (40)
	expr : expr EQ expr .  (40)
	expr : expr . NEQ expr  (41)
	expr : expr . LT expr  (42)
	expr : expr . LEQ expr  (43)
	expr : expr . GT expr  (44)
	expr : expr . GEQ expr  (45)
	expr : expr . AND expr  (46)
	expr : expr . OR expr  (47)
	expr : expr . DOT expr  (48)

	PLUS  shift 47
	MINUS  shift 48
	TIMES  shift 49
	DIVIDE  shift 50
	LT  shift 53
	LEQ  shift 54
	GT  shift 55
	GEQ  shift 56
	DOT  shift 59
	SEMI  reduce 40
	RPAREN  reduce 40
	COMMA  reduce 40
	EQ  reduce 40
	NEQ  reduce 40
	AND  reduce 40
	OR  reduce 40


state 79
	expr : expr . PLUS expr  (36)
	expr : expr . MINUS expr  (37)
	expr : expr . TIMES expr  (38)
	expr : expr . DIVIDE expr  (39)
	expr : expr . EQ expr  (40)
	expr : expr . NEQ expr  (41)
	expr : expr NEQ expr .  (41)
	expr : expr . LT expr  (42)
	expr : expr . LEQ expr  (43)
	expr : expr . GT expr  (44)
	expr : expr . GEQ expr  (45)
	expr : expr . AND expr  (46)
	expr : expr . OR expr  (47)
	expr : expr . DOT expr  (48)

	PLUS  shift 47
	MINUS  shift 48
	TIMES  shift 49
	DIVIDE  shift 50
	LT  shift 53
	LEQ  shift 54
	GT  shift 55
	GEQ  shift 56
	DOT  shift 59
	SEMI  reduce 41
	RPAREN  reduce 41
	COMMA  reduce 41
	EQ  reduce 41
	NEQ  reduce 41
	AND  reduce 41
	OR  reduce 41


state 80
	expr : expr . PLUS expr  (36)
	expr : expr . MINUS expr  (37)
	expr : expr . TIMES expr  (38)
	expr : expr . DIVIDE expr  (39)
	expr : expr . EQ expr  (40)
	expr : expr . NEQ expr  (41)
	expr : expr . LT expr  (42)
	expr : expr LT expr .  (42)
	expr : expr . LEQ expr  (43)
	expr : expr . GT expr  (44)
	expr : expr . GEQ expr  (45)
	expr : expr . AND expr  (46)
	expr : expr . OR expr  (47)
	expr : expr . DOT expr  (48)

	PLUS  shift 47
	MINUS  shift 48
	TIMES  shift 49
	DIVIDE  shift 50
	DOT  shift 59
	SEMI  reduce 42
	RPAREN  reduce 42
	COMMA  reduce 42
	EQ  reduce 42
	NEQ  reduce 42
	LT  reduce 42
	LEQ  reduce 42
	GT  reduce 42
	GEQ  reduce 42
	AND  reduce 42
	OR  reduce 42


state 81
	expr : expr . PLUS expr  (36)
	expr : expr . MINUS expr  (37)
	expr : expr . TIMES expr  (38)
	expr : expr . DIVIDE expr  (39)
	expr : expr . EQ expr  (40)
	expr : expr . NEQ expr  (41)
	expr : expr . LT expr  (42)
	expr : expr . LEQ expr  (43)
	expr : expr LEQ expr .  (43)
	expr : expr . GT expr  (44)
	expr : expr . GEQ expr  (45)
	expr : expr . AND expr  (46)
	expr : expr . OR expr  (47)
	expr : expr . DOT expr  (48)

	PLUS  shift 47
	MINUS  shift 48
	TIMES  shift 49
	DIVIDE  shift 50
	DOT  shift 59
	SEMI  reduce 43
	RPAREN  reduce 43
	COMMA  reduce 43
	EQ  reduce 43
	NEQ  reduce 43
	LT  reduce 43
	LEQ  reduce 43
	GT  reduce 43
	GEQ  reduce 43
	AND  reduce 43
	OR  reduce 43


state 82
	expr : expr . PLUS expr  (36)
	expr : expr . MINUS expr  (37)
	expr : expr . TIMES expr  (38)
	expr : expr . DIVIDE expr  (39)
	expr : expr . EQ expr  (40)
	expr : expr . NEQ expr  (41)
	expr : expr . LT expr  (42)
	expr : expr . LEQ expr  (43)
	expr : expr . GT expr  (44)
	expr : expr GT expr .  (44)
	expr : expr . GEQ expr  (45)
	expr : expr . AND expr  (46)
	expr : expr . OR expr  (47)
	expr : expr . DOT expr  (48)

	PLUS  shift 47
	MINUS  shift 48
	TIMES  shift 49
	DIVIDE  shift 50
	DOT  shift 59
	SEMI  reduce 44
	RPAREN  reduce 44
	COMMA  reduce 44
	EQ  reduce 44
	NEQ  reduce 44
	LT  reduce 44
	LEQ  reduce 44
	GT  reduce 44
	GEQ  reduce 44
	AND  reduce 44
	OR  reduce 44


state 83
	expr : expr . PLUS expr  (36)
	expr : expr . MINUS expr  (37)
	expr : expr . TIMES expr  (38)
	expr : expr . DIVIDE expr  (39)
	expr : expr . EQ expr  (40)
	expr : expr . NEQ expr  (41)
	expr : expr . LT expr  (42)
	expr : expr . LEQ expr  (43)
	expr : expr . GT expr  (44)
	expr : expr . GEQ expr  (45)
	expr : expr GEQ expr .  (45)
	expr : expr . AND expr  (46)
	expr : expr . OR expr  (47)
	expr : expr . DOT expr  (48)

	PLUS  shift 47
	MINUS  shift 48
	TIMES  shift 49
	DIVIDE  shift 50
	DOT  shift 59
	SEMI  reduce 45
	RPAREN  reduce 45
	COMMA  reduce 45
	EQ  reduce 45
	NEQ  reduce 45
	LT  reduce 45
	LEQ  reduce 45
	GT  reduce 45
	GEQ  reduce 45
	AND  reduce 45
	OR  reduce 45


state 84
	expr : expr . PLUS expr  (36)
	expr : expr . MINUS expr  (37)
	expr : expr . TIMES expr  (38)
	expr : expr . DIVIDE expr  (39)
	expr : expr . EQ expr  (40)
	expr : expr . NEQ expr  (41)
	expr : expr . LT expr  (42)
	expr : expr . LEQ expr  (43)
	expr : expr . GT expr  (44)
	expr : expr . GEQ expr  (45)
	expr : expr . AND expr  (46)
	expr : expr AND expr .  (46)
	expr : expr . OR expr  (47)
	expr : expr . DOT expr  (48)

	PLUS  shift 47
	MINUS  shift 48
	TIMES  shift 49
	DIVIDE  shift 50
	EQ  shift 51
	NEQ  shift 52
	LT  shift 53
	LEQ  shift 54
	GT  shift 55
	GEQ  shift 56
	DOT  shift 59
	SEMI  reduce 46
	RPAREN  reduce 46
	COMMA  reduce 46
	AND  reduce 46
	OR  reduce 46


state 85
	expr : expr . PLUS expr  (36)
	expr : expr . MINUS expr  (37)
	expr : expr . TIMES expr  (38)
	expr : expr . DIVIDE expr  (39)
	expr : expr . EQ expr  (40)
	expr : expr . NEQ expr  (41)
	expr : expr . LT expr  (42)
	expr : expr . LEQ expr  (43)
	expr : expr . GT expr  (44)
	expr : expr . GEQ expr  (45)
	expr : expr . AND expr  (46)
	expr : expr . OR expr  (47)
	expr : expr OR expr .  (47)
	expr : expr . DOT expr  (48)

	PLUS  shift 47
	MINUS  shift 48
	TIMES  shift 49
	DIVIDE  shift 50
	EQ  shift 51
	NEQ  shift 52
	LT  shift 53
	LEQ  shift 54
	GT  shift 55
	GEQ  shift 56
	AND  shift 57
	DOT  shift 59
	SEMI  reduce 47
	RPAREN  reduce 47
	COMMA  reduce 47
	OR  reduce 47


state 86
	expr : expr . PLUS expr  (36)
	expr : expr . MINUS expr  (37)
	expr : expr . TIMES expr  (38)
	expr : expr . DIVIDE expr  (39)
	expr : expr . EQ expr  (40)
	expr : expr . NEQ expr  (41)
	expr : expr . LT expr  (42)
	expr : expr . LEQ expr  (43)
	expr : expr . GT expr  (44)
	expr : expr . GEQ expr  (45)
	expr : expr . AND expr  (46)
	expr : expr . OR expr  (47)
	expr : expr . DOT expr  (48)
	expr : expr DOT expr .  (48)

	DOT  shift 59
	SEMI  reduce 48
	RPAREN  reduce 48
	COMMA  reduce 48
	PLUS  reduce 48
	MINUS  reduce 48
	TIMES  reduce 48
	DIVIDE  reduce 48
	EQ  reduce 48
	NEQ  reduce 48
	LT  reduce 48
	LEQ  reduce 48
	GT  reduce 48
	GEQ  reduce 48
	AND  reduce 48
	OR  reduce 48


state 87
	stmt : IF LPAREN expr RPAREN . stmt  (8)
	stmt : IF LPAREN expr RPAREN . stmt ELSE stmt  (9)

	LPAREN  shift 5
	LBRACE  shift 6
	MINUS  shift 7
	NOT  shift 8
	TRUE  shift 9
	FALSE  shift 10
	RETURN  shift 11
	IF  shift 12
	FOR  shift 13
	WHILE  shift 14
	DEF  shift 15
	GLOBAL  shift 16
	STRUCT  shift 17
	INTLIT  shift 18
	FLOATLIT  shift 19
	STRINGLIT  shift 20
	ID  shift 21
	.  error

	stmt  goto 95
	expr  goto 24


state 88
	stmt : FOR LPAREN expr_opt SEMI . expr SEMI expr_opt RPAREN stmt  (10)

	LPAREN  shift 5
	MINUS  shift 7
	NOT  shift 8
	TRUE  shift 9
	FALSE  shift 10
	GLOBAL  shift 16
	INTLIT  shift 18
	FLOATLIT  shift 19
	STRINGLIT  shift 20
	ID  shift 21
	.  error

	expr  goto 96


state 89
	stmt : WHILE LPAREN expr RPAREN . stmt  (11)

	LPAREN  shift 5
	LBRACE  shift 6
	MINUS  shift 7
	NOT  shift 8
	TRUE  shift 9
	FALSE  shift 10
	RETURN  shift 11
	IF  shift 12
	FOR  shift 13
	WHILE  shift 14
	DEF  shift 15
	GLOBAL  shift 16
	STRUCT  shift 17
	INTLIT  shift 18
	FLOATLIT  shift 19
	STRINGLIT  shift 20
	ID  shift 21
	.  error

	stmt  goto 97
	expr  goto 24


state 90
	func : typ ID LPAREN . formals_opt RPAREN LBRACE stmts RBRACE  (17)
	formals_opt : .  (23)

	INT  shift 34
	FLOAT  shift 35
	BOOL  shift 36
	STRING  shift 37
	VOID  shift 38
	RPAREN  reduce 23

	typ  goto 98
	formals_opt  goto 99
	formal_list  goto 100


state 91
	expr : expr . PLUS expr  (36)
	expr : expr . MINUS expr  (37)
	expr : expr . TIMES expr  (38)
	expr : expr . DIVIDE expr  (39)
	expr : expr . EQ expr  (40)
	expr : expr . NEQ expr  (41)
	expr : expr . LT expr  (42)
	expr : expr . LEQ expr  (43)
	expr : expr . GT expr  (44)
	expr : expr . GEQ expr  (45)
	expr : expr . AND expr  (46)
	expr : expr . OR expr  (47)
	expr : expr . DOT expr  (48)
	expr : GLOBAL ID ASSIGN expr .  (54)

	PLUS  shift 47
	MINUS  shift 48
	TIMES  shift 49
	DIVIDE  shift 50
	EQ  shift 51
	NEQ  shift 52
	LT  shift 53
	LEQ  shift 54
	GT  shift 55
	GEQ  shift 56
	AND  shift 57
	OR  shift 58
	DOT  shift 59
	SEMI  reduce 54
	RPAREN  reduce 54
	COMMA  reduce 54


state 92
	struct_dec : ID LBRACE expr_list . RBRACE SEMI  (16)
	expr_list : expr_list . proper_expr  (28)

	LPAREN  shift 5
	RBRACE  shift 101
	MINUS  shift 7
	NOT  shift 8
	TRUE  shift 9
	FALSE  shift 10
	GLOBAL  shift 16
	INTLIT  shift 18
	FLOATLIT  shift 19
	STRINGLIT  shift 20
	ID  shift 21
	.  error

	expr  goto 102
	proper_expr  goto 103


state 93
	expr : ID LPAREN actuals_opt RPAREN .  (52)

	.  reduce 52


state 94
	actuals_list : actuals_list COMMA . expr  (58)

	LPAREN  shift 5
	MINUS  shift 7
	NOT  shift 8
	TRUE  shift 9
	FALSE  shift 10
	GLOBAL  shift 16
	INTLIT  shift 18
	FLOATLIT  shift 19
	STRINGLIT  shift 20
	ID  shift 21
	.  error

	expr  goto 104


state 95
	stmt : IF LPAREN expr RPAREN stmt .  (8)
	stmt : IF LPAREN expr RPAREN stmt . ELSE stmt  (9)

	ELSE  shift 105
	LPAREN  reduce 8
	LBRACE  reduce 8
	RBRACE  reduce 8
	MINUS  reduce 8
	NOT  reduce 8
	TRUE  reduce 8
	FALSE  reduce 8
	RETURN  reduce 8
	IF  reduce 8
	FOR  reduce 8
	WHILE  reduce 8
	DEF  reduce 8
	GLOBAL  reduce 8
	STRUCT  reduce 8
	INTLIT  reduce 8
	FLOATLIT  reduce 8
	STRINGLIT  reduce 8
	ID  reduce 8
	EOF  reduce 8


state 96
	stmt : FOR LPAREN expr_opt SEMI expr . SEMI expr_opt RPAREN stmt  (10)
	expr : expr . PLUS expr  (36)
	expr : expr . MINUS expr  (37)
	expr : expr . TIMES expr  (38)
	expr : expr . DIVIDE expr  (39)
	expr : expr . EQ expr  (40)
	expr : expr . NEQ expr  (41)
	expr : expr . LT expr  (42)
	expr : expr . LEQ expr  (43)
	expr : expr . GT expr  (44)
	expr : expr . GEQ expr  (45)
	expr : expr . AND expr  (46)
	expr : expr . OR expr  (47)
	expr : expr . DOT expr  (48)

	SEMI  shift 106
	PLUS  shift 47
	MINUS  shift 48
	TIMES  shift 49
	DIVIDE  shift 50
	EQ  shift 51
	NEQ  shift 52
	LT  shift 53
	LEQ  shift 54
	GT  shift 55
	GEQ  shift 56
	AND  shift 57
	OR  shift 58
	DOT  shift 59
	.  error


state 97
	stmt : WHILE LPAREN expr RPAREN stmt .  (11)

	.  reduce 11


state 98
	formal_list : typ . ID  (25)

	ID  shift 107
	.  error


state 99
	func : typ ID LPAREN formals_opt . RPAREN LBRACE stmts RBRACE  (17)

	RPAREN  shift 108
	.  error


state 100
	formals_opt : formal_list .  (24)
	formal_list : formal_list . COMMA typ ID  (26)

	COMMA  shift 109
	RPAREN  reduce 24


state 101
	struct_dec : ID LBRACE expr_list RBRACE . SEMI  (16)

	SEMI  shift 110
	.  error


state 102
	proper_expr : expr . SEMI  (29)
	expr : expr . PLUS expr  (36)
	expr : expr . MINUS expr  (37)
	expr : expr . TIMES expr  (38)
	expr : expr . DIVIDE expr  (39)
	expr : expr . EQ expr  (40)
	expr : expr . NEQ expr  (41)
	expr : expr . LT expr  (42)
	expr : expr . LEQ expr  (43)
	expr : expr . GT expr  (44)
	expr : expr . GEQ expr  (45)
	expr : expr . AND expr  (46)
	expr : expr . OR expr  (47)
	expr : expr . DOT expr  (48)

	SEMI  shift 111
	PLUS  shift 47
	MINUS  shift 48
	TIMES  shift 49
	DIVIDE  shift 50
	EQ  shift 51
	NEQ  shift 52
	LT  shift 53
	LEQ  shift 54
	GT  shift 55
	GEQ  shift 56
	AND  shift 57
	OR  shift 58
	DOT  shift 59
	.  error


state 103
	expr_list : expr_list proper_expr .  (28)

	.  reduce 28


state 104
	expr : expr . PLUS expr  (36)
	expr : expr . MINUS expr  (37)
	expr : expr . TIMES expr  (38)
	expr : expr . DIVIDE expr  (39)
	expr : expr . EQ expr  (40)
	expr : expr . NEQ expr  (41)
	expr : expr . LT expr  (42)
	expr : expr . LEQ expr  (43)
	expr : expr . GT expr  (44)
	expr : expr . GEQ expr  (45)
	expr : expr . AND expr  (46)
	expr : expr . OR expr  (47)
	expr : expr . DOT expr  (48)
	actuals_list : actuals_list COMMA expr .  (58)

	PLUS  shift 47
	MINUS  shift 48
	TIMES  shift 49
	DIVIDE  shift 50
	EQ  shift 51
	NEQ  shift 52
	LT  shift 53
	LEQ  shift 54
	GT  shift 55
	GEQ  shift 56
	AND  shift 57
	OR  shift 58
	DOT  shift 59
	RPAREN  reduce 58
	COMMA  reduce 58


state 105
	stmt : IF LPAREN expr RPAREN stmt ELSE . stmt  (9)

	LPAREN  shift 5
	LBRACE  shift 6
	MINUS  shift 7
	NOT  shift 8
	TRUE  shift 9
	FALSE  shift 10
	RETURN  shift 11
	IF  shift 12
	FOR  shift 13
	WHILE  shift 14
	DEF  shift 15
	GLOBAL  shift 16
	STRUCT  shift 17
	INTLIT  shift 18
	FLOATLIT  shift 19
	STRINGLIT  shift 20
	ID  shift 21
	.  error

	stmt  goto 112
	expr  goto 24


state 106
	stmt : FOR LPAREN expr_opt SEMI expr SEMI . expr_opt RPAREN stmt  (10)
	expr_opt : .  (14)

	LPAREN  shift 5
	MINUS  shift 7
	NOT  shift 8
	TRUE  shift 9
	FALSE  shift 10
	GLOBAL  shift 16
	INTLIT  shift 18
	FLOATLIT  shift 19
	STRINGLIT  shift 20
	ID  shift 21
	RPAREN  reduce 14

	expr  goto 64
	expr_opt  goto 113


state 107
	formal_list : typ ID .  (25)

	.  reduce 25


state 108
	func : typ ID LPAREN formals_opt RPAREN . LBRACE stmts RBRACE  (17)

	LBRACE  shift 114
	.  error


state 109
	formal_list : formal_list COMMA . typ ID  (26)

	INT  shift 34
	FLOAT  shift 35
	BOOL  shift 36
	STRING  shift 37
	VOID  shift 38
	.  error

	typ  goto 115


state 110
	struct_dec : ID LBRACE expr_list RBRACE SEMI .  (16)

	.  reduce 16


state 111
	proper_expr : expr SEMI .  (29)

	.  reduce 29


state 112
	stmt : IF LPAREN expr RPAREN stmt ELSE stmt .  (9)

	.  reduce 9


state 113
	stmt : FOR LPAREN expr_opt SEMI expr SEMI expr_opt . RPAREN stmt  (10)

	RPAREN  shift 116
	.  error


state 114
	func : typ ID LPAREN formals_opt RPAREN LBRACE . stmts RBRACE  (17)
	stmts : .  (2)

	.  reduce 2

	stmts  goto 117


state 115
	formal_list : formal_list COMMA typ . ID  (26)

	ID  shift 118
	.  error


state 116
	stmt : FOR LPAREN expr_opt SEMI expr SEMI expr_opt RPAREN . stmt  (10)

	LPAREN  shift 5
	LBRACE  shift 6
	MINUS  shift 7
	NOT  shift 8
	TRUE  shift 9
	FALSE  shift 10
	RETURN  shift 11
	IF  shift 12
	FOR  shift 13
	WHILE  shift 14
	DEF  shift 15
	GLOBAL  shift 16
	STRUCT  shift 17
	INTLIT  shift 18
	FLOATLIT  shift 19
	STRINGLIT  shift 20
	ID  shift 21
	.  error

	stmt  goto 119
	expr  goto 24


state 117
	stmts : stmts . stmt  (3)
	func : typ ID LPAREN formals_opt RPAREN LBRACE stmts . RBRACE  (17)

	LPAREN  shift 5
	LBRACE  shift 6
	RBRACE  shift 120
	MINUS  shift 7
	NOT  shift 8
	TRUE  shift 9
	FALSE  shift 10
	RETURN  shift 11
	IF  shift 12
	FOR  shift 13
	WHILE  shift 14
	DEF  shift 15
	GLOBAL  shift 16
	STRUCT  shift 17
	INTLIT  shift 18
	FLOATLIT  shift 19
	STRINGLIT  shift 20
	ID  shift 21
	.  error

	stmt  goto 23
	expr  goto 24


state 118
	formal_list : formal_list COMMA typ ID .  (26)

	.  reduce 26


state 119
	stmt : FOR LPAREN expr_opt SEMI expr SEMI expr_opt RPAREN stmt .  (10)

	.  reduce 10


state 120
	func : typ ID LPAREN formals_opt RPAREN LBRACE stmts RBRACE .  (17)

	.  reduce 17


48 terminals, 16 nonterminals
60 grammar rules, 121 states
